Log file open, 12/30/21 13:36:50
LogWindows: Failed to load 'aqProf.dll' (GetLastError=126)
LogWindows: File 'aqProf.dll' does not exist
LogWindows: Failed to load 'VtuneApi.dll' (GetLastError=126)
LogWindows: File 'VtuneApi.dll' does not exist
LogWindows: Failed to load 'VtuneApi32e.dll' (GetLastError=126)
LogWindows: File 'VtuneApi32e.dll' does not exist
LogConsoleResponse: Display: Failed to find resolution value strings in scalability ini. Falling back to default.
LogConsoleResponse: Display: Failed to find resolution value strings in scalability ini. Falling back to default.
LogInit: Display: Running engine for game: Project_Alpha
LogPlatformFile: Not using cached read wrapper
LogTaskGraph: Started task graph with 5 named threads and 35 total threads with 3 sets of task threads.
LogStats: Stats thread started at 0.225324
LogICUInternationalization: ICU TimeZone Detection - Raw Offset: +1:00, Platform Override: ''
LogInit: Display: Loading text-based GConfig....
LogPluginManager: Mounting plugin MeshPainting
LogPluginManager: Mounting plugin MegascansPlugin
LogPluginManager: Mounting plugin XGEController
LogPluginManager: Mounting plugin Paper2D
LogPluginManager: Mounting plugin AISupport
LogPluginManager: Mounting plugin EnvironmentQueryEditor
LogPluginManager: Mounting plugin LiveLink
LogPluginManager: Mounting plugin CameraShakePreviewer
LogPluginManager: Mounting plugin GameplayCameras
LogPluginManager: Mounting plugin LightPropagationVolume
LogPluginManager: Mounting plugin OodleNetwork
LogPluginManager: Mounting plugin OodleData
LogPluginManager: Mounting plugin AnimationSharing
LogPluginManager: Mounting plugin CLionSourceCodeAccess
LogPluginManager: Mounting plugin CodeLiteSourceCodeAccess
LogPluginManager: Mounting plugin GitSourceControl
LogPluginManager: Mounting plugin KDevelopSourceCodeAccess
LogPluginManager: Mounting plugin NullSourceCodeAccess
LogPluginManager: Mounting plugin PerforceSourceControl
LogPluginManager: Mounting plugin PlasticSourceControl
LogPluginManager: Mounting plugin PixWinPlugin
LogPluginManager: Mounting plugin PluginUtils
LogPluginManager: Mounting plugin PropertyAccessNode
LogPluginManager: Mounting plugin RiderSourceCodeAccess
LogPluginManager: Mounting plugin SubversionSourceControl
LogPluginManager: Mounting plugin AssetManagerEditor
LogPluginManager: Mounting plugin TextureFormatOodle
LogPluginManager: Mounting plugin XCodeSourceCodeAccess
LogPluginManager: Mounting plugin UObjectPlugin
LogPluginManager: Mounting plugin VisualStudioSourceCodeAccess
LogPluginManager: Mounting plugin VisualStudioCodeSourceCodeAccess
LogPluginManager: Mounting plugin CryptoKeys
LogPluginManager: Mounting plugin DataValidation
LogPluginManager: Mounting plugin CurveEditorTools
LogPluginManager: Mounting plugin EditorScriptingUtilities
LogPluginManager: Mounting plugin GameplayTagsEditor
LogPluginManager: Mounting plugin FacialAnimation
LogPluginManager: Mounting plugin GeometryMode
LogPluginManager: Mounting plugin MaterialAnalyzer
LogPluginManager: Mounting plugin MacGraphicsSwitching
LogPluginManager: Mounting plugin MobileLauncherProfileWizard
LogPluginManager: Mounting plugin PluginBrowser
LogPluginManager: Mounting plugin SpeedTreeImporter
LogPluginManager: Mounting plugin DatasmithContent
LogPluginManager: Mounting plugin AlembicImporter
LogPluginManager: Mounting plugin AutomationUtils
LogPluginManager: Mounting plugin VariantManagerContent
LogPluginManager: Mounting plugin BackChannel
LogPluginManager: Mounting plugin ChaosCloth
LogPluginManager: Mounting plugin ChaosClothEditor
LogPluginManager: Mounting plugin ChaosEditor
LogPluginManager: Mounting plugin ChaosSolverPlugin
LogPluginManager: Mounting plugin ChaosNiagara
LogPluginManager: Mounting plugin CharacterAI
LogPluginManager: Mounting plugin Niagara
LogPluginManager: Mounting plugin LuminPlatformFeatures
LogPluginManager: Mounting plugin MagicLeap
LogPluginManager: Mounting plugin GeometryCache
LogPluginManager: Mounting plugin GeometryCollectionPlugin
LogPluginManager: Mounting plugin MagicLeapLightEstimation
LogPluginManager: Mounting plugin MagicLeapMedia
LogPluginManager: Mounting plugin GeometryProcessing
LogPluginManager: Mounting plugin MagicLeapPassableWorld
LogPluginManager: Mounting plugin MLSDK
LogPluginManager: Mounting plugin MotoSynth
LogPluginManager: Mounting plugin OpenImageDenoise
LogPluginManager: Mounting plugin PlanarCut
LogPluginManager: Mounting plugin PlatformCrypto
LogPluginManager: Mounting plugin ProxyLODPlugin
LogPluginManager: Mounting plugin PythonScriptPlugin
LogPluginManager: Mounting plugin SkeletalReduction
LogPluginManager: Mounting plugin AndroidMedia
LogPluginManager: Mounting plugin AvfMedia
LogPluginManager: Mounting plugin ImgMedia
LogPluginManager: Mounting plugin MediaCompositing
LogPluginManager: Mounting plugin MediaPlayerEditor
LogPluginManager: Mounting plugin WebMMedia
LogPluginManager: Mounting plugin WmfMedia
LogPluginManager: Mounting plugin UdpMessaging
LogPluginManager: Mounting plugin TcpMessaging
LogPluginManager: Mounting plugin ActorSequence
LogPluginManager: Mounting plugin LevelSequenceEditor
LogPluginManager: Mounting plugin MatineeToLevelSequence
LogPluginManager: Mounting plugin TemplateSequence
LogPluginManager: Mounting plugin OnlineSubsystem
LogPluginManager: Mounting plugin OnlineSubsystemNull
LogPluginManager: Mounting plugin LauncherChunkInstaller
LogPluginManager: Mounting plugin OnlineSubsystemUtils
LogPluginManager: Mounting plugin ActorLayerUtilities
LogPluginManager: Mounting plugin AndroidDeviceProfileSelector
LogPluginManager: Mounting plugin AndroidMoviePlayer
LogPluginManager: Mounting plugin AndroidPermission
LogPluginManager: Mounting plugin AppleImageUtils
LogPluginManager: Mounting plugin AppleMoviePlayer
LogPluginManager: Mounting plugin ArchVisCharacter
LogPluginManager: Mounting plugin AssetTags
LogPluginManager: Mounting plugin AudioCapture
LogPluginManager: Mounting plugin AudioSynesthesia
LogPluginManager: Mounting plugin CableComponent
LogPluginManager: Mounting plugin ChunkDownloader
LogPluginManager: Mounting plugin CustomMeshComponent
LogPluginManager: Mounting plugin EditableMesh
LogPluginManager: Mounting plugin ExampleDeviceProfileSelector
LogPluginManager: Mounting plugin GoogleCloudMessaging
LogPluginManager: Mounting plugin GooglePAD
LogPluginManager: Mounting plugin IOSDeviceProfileSelector
LogPluginManager: Mounting plugin LinuxDeviceProfileSelector
LogPluginManager: Mounting plugin LocationServicesBPLibrary
LogPluginManager: Mounting plugin MobilePatchingUtils
LogPluginManager: Mounting plugin OpenXREyeTracker
LogPluginManager: Mounting plugin OpenXR
LogPluginManager: Mounting plugin OpenXRHandTracking
LogPluginManager: Mounting plugin PhysXVehicles
LogPluginManager: Mounting plugin PostSplashScreen
LogPluginManager: Mounting plugin ProceduralMeshComponent
LogPluginManager: Mounting plugin PropertyAccessEditor
LogPluginManager: Mounting plugin RuntimePhysXCooking
LogPluginManager: Mounting plugin SignificanceManager
LogPluginManager: Mounting plugin SoundFields
LogPluginManager: Mounting plugin Synthesis
LogPluginManager: Mounting plugin WebMMoviePlayer
LogPluginManager: Mounting plugin WindowsMoviePlayer
LogPluginManager: Mounting plugin ScreenshotTools
LogPluginManager: Mounting plugin MultiUserTakes
LogPluginManager: Mounting plugin Takes
LogPluginManager: Mounting plugin ConcertMain
LogPluginManager: Mounting plugin MultiUserClient
LogPluginManager: Mounting plugin ContentBrowserAssetDataSource
LogPluginManager: Mounting plugin ContentBrowserClassDataSource
LogPluginManager: Mounting plugin ContentBrowserFileDataSource
LogPluginManager: Mounting plugin OnlineSubsystemGooglePlay
LogPluginManager: Mounting plugin OnlineSubsystemIOS
LogPluginManager: Mounting plugin DatabaseSupport
LogPluginManager: Mounting plugin SQLiteCore
LogPluginManager: Mounting plugin SQLiteSupport
LogPluginManager: Mounting plugin OculusVR
LogPluginManager: Mounting plugin SteamVR
LogPluginManager: Mounting plugin ConcertSyncCore
LogPluginManager: Mounting plugin ConcertSyncClient
PixWinPlugin: PIX capture plugin failed to initialize! Check that the process is launched from PIX.
LogInit: Using libcurl 7.55.1-DEV
LogInit:  - built for x86_64-pc-win32
LogInit:  - supports SSL with OpenSSL/1.1.1
LogInit:  - supports HTTP deflate (compression) using libz 1.2.8
LogInit:  - other features:
LogInit:      CURL_VERSION_SSL
LogInit:      CURL_VERSION_LIBZ
LogInit:      CURL_VERSION_IPV6
LogInit:      CURL_VERSION_ASYNCHDNS
LogInit:      CURL_VERSION_LARGEFILE
LogInit:      CURL_VERSION_IDN
LogInit:  CurlRequestOptions (configurable via config and command line):
LogInit:  - bVerifyPeer = true  - Libcurl will verify peer certificate
LogInit:  - bUseHttpProxy = false  - Libcurl will NOT use HTTP proxy
LogInit:  - bDontReuseConnections = false  - Libcurl will reuse connections
LogInit:  - MaxHostConnections = 16  - Libcurl will limit the number of connections to a host
LogInit:  - LocalHostAddr = Default
LogInit:  - BufferSize = 65536
LogOnline: OSS: Creating online subsystem instance for: NULL
LogInit: WinSock: version 1.1 (2.2), MaxSocks=32767, MaxUdp=65467
LogOnline: OSS: TryLoadSubsystemAndSetDefault: Loaded subsystem for module [NULL]
LogOculusPluginWrapper: OculusPlugin initialized successfully
LogHMD: Failed initializing OVRPlugin 1.59.0
LogInit: Build: ++UE4+Release-4.27-CL-18319896
LogInit: Engine Version: 4.27.2-18319896+++UE4+Release-4.27
LogInit: Compatible Engine Version: 4.27.0-17155196+++UE4+Release-4.27
LogInit: Net CL: 17155196
LogInit: OS: Windows 10 (Release 2009) (), CPU: AMD Ryzen 5 3600XT 6-Core Processor            , GPU: AMD Radeon RX 6600 XT
LogInit: Compiled (64-bit): Nov 30 2021 07:12:08
LogInit: Compiled with Visual C++: 19.24.28315.00
LogInit: Build Configuration: Development
LogInit: Branch Name: ++UE4+Release-4.27
LogInit: Command Line:  /Game/Maps/TestMap -game -PIEVIACONSOLE -Multiprocess "GameUserSettingsINI=D:/Dokumenty HDD/Github/Project-Alpha/Project_Alpha/Saved/Config/Windows/PIEGameUserSettings0.ini" -MultiprocessSaveConfig -forcepassthrough -messaging -SessionName="Play in Standalone Game" -windowed -ResX=1280 -ResY=720
LogInit: Base Directory: D:/Program Files/UE_4.27/Engine/Binaries/Win64/
LogInit: Allocator: TBB
LogInit: Installed Engine Build: 1
LogDevObjectVersion: Number of dev versions registered: 29
LogDevObjectVersion:   Dev-Blueprints (B0D832E4-1F89-4F0D-ACCF-7EB736FD4AA2): 10
LogDevObjectVersion:   Dev-Build (E1C64328-A22C-4D53-A36C-8E866417BD8C): 0
LogDevObjectVersion:   Dev-Core (375EC13C-06E4-48FB-B500-84F0262A717E): 4
LogDevObjectVersion:   Dev-Editor (E4B068ED-F494-42E9-A231-DA0B2E46BB41): 40
LogDevObjectVersion:   Dev-Framework (CFFC743F-43B0-4480-9391-14DF171D2073): 37
LogDevObjectVersion:   Dev-Mobile (B02B49B5-BB20-44E9-A304-32B752E40360): 3
LogDevObjectVersion:   Dev-Networking (A4E4105C-59A1-49B5-A7C5-40C4547EDFEE): 0
LogDevObjectVersion:   Dev-Online (39C831C9-5AE6-47DC-9A44-9C173E1C8E7C): 0
LogDevObjectVersion:   Dev-Physics (78F01B33-EBEA-4F98-B9B4-84EACCB95AA2): 14
LogDevObjectVersion:   Dev-Platform (6631380F-2D4D-43E0-8009-CF276956A95A): 0
LogDevObjectVersion:   Dev-Rendering (12F88B9F-8875-4AFC-A67C-D90C383ABD29): 45
LogDevObjectVersion:   Dev-Sequencer (7B5AE74C-D270-4C10-A958-57980B212A5A): 13
LogDevObjectVersion:   Dev-VR (D7296918-1DD6-4BDD-9DE2-64A83CC13884): 3
LogDevObjectVersion:   Dev-LoadTimes (C2A15278-BFE7-4AFE-6C17-90FF531DF755): 1
LogDevObjectVersion:   Private-Geometry (6EACA3D4-40EC-4CC1-B786-8BED09428FC5): 3
LogDevObjectVersion:   Dev-AnimPhys (29E575DD-E0A3-4627-9D10-D276232CDCEA): 17
LogDevObjectVersion:   Dev-Anim (AF43A65D-7FD3-4947-9873-3E8ED9C1BB05): 15
LogDevObjectVersion:   Dev-ReflectionCapture (6B266CEC-1EC7-4B8F-A30B-E4D90942FC07): 1
LogDevObjectVersion:   Dev-Automation (0DF73D61-A23F-47EA-B727-89E90C41499A): 1
LogDevObjectVersion:   FortniteMain (601D1886-AC64-4F84-AA16-D3DE0DEAC7D6): 47
LogDevObjectVersion:   FortniteRelease (E7086368-6B23-4C58-8439-1B7016265E91): 1
LogDevObjectVersion:   Dev-Enterprise (9DFFBCD6-494F-0158-E221-12823C92A888): 10
LogDevObjectVersion:   Dev-Niagara (F2AED0AC-9AFE-416F-8664-AA7FFA26D6FC): 1
LogDevObjectVersion:   Dev-Destruction (174F1F0B-B4C6-45A5-B13F-2EE8D0FB917D): 10
LogDevObjectVersion:   Dev-Physics-Ext (35F94A83-E258-406C-A318-09F59610247C): 41
LogDevObjectVersion:   Dev-PhysicsMaterial-Chaos (B68FC16E-8B1B-42E2-B453-215C058844FE): 1
LogDevObjectVersion:   Dev-CineCamera (B2E18506-4273-CFC2-A54E-F4BB758BBA07): 1
LogDevObjectVersion:   Dev-VirtualProduction (64F58936-FD1B-42BA-BA96-7289D5D0FA4E): 1
LogDevObjectVersion:   Dev-MediaFramework (6F0ED827-A609-4895-9C91-998D90180EA4): 2
LogInit: Presizing for max 25165824 objects, including 0 objects not considered by GC, pre-allocating 0 bytes for permanent pool.
LogConfig: Applying CVar settings from Section [/Script/Engine.StreamingSettings] File [D:/Dokumenty HDD/Github/Project-Alpha/Project_Alpha/Saved/Config/Windows/Engine.ini]
LogConfig: Setting CVar [[s.MinBulkDataSizeForAsyncLoading:131072]]
LogConfig: Setting CVar [[s.AsyncLoadingThreadEnabled:0]]
LogConfig: Setting CVar [[s.EventDrivenLoaderEnabled:1]]
LogConfig: Setting CVar [[s.WarnIfTimeLimitExceeded:0]]
LogConfig: Setting CVar [[s.TimeLimitExceededMultiplier:1.5]]
LogConfig: Setting CVar [[s.TimeLimitExceededMinTime:0.005]]
LogConfig: Setting CVar [[s.UseBackgroundLevelStreaming:1]]
LogConfig: Setting CVar [[s.PriorityAsyncLoadingExtraTime:15.0]]
LogConfig: Setting CVar [[s.LevelStreamingActorsUpdateTimeLimit:5.0]]
LogConfig: Setting CVar [[s.PriorityLevelStreamingActorsUpdateExtraTime:5.0]]
LogConfig: Setting CVar [[s.LevelStreamingComponentsRegistrationGranularity:10]]
LogConfig: Setting CVar [[s.UnregisterComponentsTimeLimit:1.0]]
LogConfig: Setting CVar [[s.LevelStreamingComponentsUnregistrationGranularity:5]]
LogConfig: Setting CVar [[s.FlushStreamingOnExit:1]]
LogInit: Object subsystem initialized
LogConfig: Setting CVar [[con.DebugEarlyDefault:1]]
LogConfig: Setting CVar [[r.setres:1280x720]]
[2021.12.30-12.36.51:257][  0]LogConfig: Setting CVar [[con.DebugEarlyDefault:1]]
[2021.12.30-12.36.51:257][  0]LogConfig: Setting CVar [[r.setres:1280x720]]
[2021.12.30-12.36.51:257][  0]LogConfig: Applying CVar settings from Section [/Script/Engine.RendererSettings] File [D:/Dokumenty HDD/Github/Project-Alpha/Project_Alpha/Saved/Config/Windows/Engine.ini]
[2021.12.30-12.36.51:257][  0]LogConfig: Setting CVar [[r.GPUCrashDebugging:0]]
[2021.12.30-12.36.51:257][  0]LogConfig: Applying CVar settings from Section [/Script/Engine.RendererOverrideSettings] File [D:/Dokumenty HDD/Github/Project-Alpha/Project_Alpha/Saved/Config/Windows/Engine.ini]
[2021.12.30-12.36.51:257][  0]LogConfig: Applying CVar settings from Section [/Script/Engine.StreamingSettings] File [D:/Dokumenty HDD/Github/Project-Alpha/Project_Alpha/Saved/Config/Windows/Engine.ini]
[2021.12.30-12.36.51:257][  0]LogConfig: Setting CVar [[s.MinBulkDataSizeForAsyncLoading:131072]]
[2021.12.30-12.36.51:257][  0]LogConfig: Setting CVar [[s.AsyncLoadingThreadEnabled:0]]
[2021.12.30-12.36.51:257][  0]LogConfig: Setting CVar [[s.EventDrivenLoaderEnabled:1]]
[2021.12.30-12.36.51:257][  0]LogConfig: Setting CVar [[s.WarnIfTimeLimitExceeded:0]]
[2021.12.30-12.36.51:257][  0]LogConfig: Setting CVar [[s.TimeLimitExceededMultiplier:1.5]]
[2021.12.30-12.36.51:257][  0]LogConfig: Setting CVar [[s.TimeLimitExceededMinTime:0.005]]
[2021.12.30-12.36.51:257][  0]LogConfig: Setting CVar [[s.UseBackgroundLevelStreaming:1]]
[2021.12.30-12.36.51:257][  0]LogConfig: Setting CVar [[s.PriorityAsyncLoadingExtraTime:15.0]]
[2021.12.30-12.36.51:257][  0]LogConfig: Setting CVar [[s.LevelStreamingActorsUpdateTimeLimit:5.0]]
[2021.12.30-12.36.51:257][  0]LogConfig: Setting CVar [[s.PriorityLevelStreamingActorsUpdateExtraTime:5.0]]
[2021.12.30-12.36.51:257][  0]LogConfig: Setting CVar [[s.LevelStreamingComponentsRegistrationGranularity:10]]
[2021.12.30-12.36.51:257][  0]LogConfig: Setting CVar [[s.UnregisterComponentsTimeLimit:1.0]]
[2021.12.30-12.36.51:257][  0]LogConfig: Setting CVar [[s.LevelStreamingComponentsUnregistrationGranularity:5]]
[2021.12.30-12.36.51:257][  0]LogConfig: Setting CVar [[s.FlushStreamingOnExit:1]]
[2021.12.30-12.36.51:257][  0]LogConfig: Applying CVar settings from Section [/Script/Engine.GarbageCollectionSettings] File [D:/Dokumenty HDD/Github/Project-Alpha/Project_Alpha/Saved/Config/Windows/Engine.ini]
[2021.12.30-12.36.51:257][  0]LogConfig: Setting CVar [[gc.MaxObjectsNotConsideredByGC:1]]
[2021.12.30-12.36.51:257][  0]LogConfig: Setting CVar [[gc.SizeOfPermanentObjectPool:0]]
[2021.12.30-12.36.51:257][  0]LogConfig: Setting CVar [[gc.FlushStreamingOnGC:0]]
[2021.12.30-12.36.51:257][  0]LogConfig: Setting CVar [[gc.NumRetriesBeforeForcingGC:10]]
[2021.12.30-12.36.51:257][  0]LogConfig: Setting CVar [[gc.AllowParallelGC:1]]
[2021.12.30-12.36.51:257][  0]LogConfig: Setting CVar [[gc.TimeBetweenPurgingPendingKillObjects:61.1]]
[2021.12.30-12.36.51:257][  0]LogConfig: Setting CVar [[gc.MaxObjectsInEditor:25165824]]
[2021.12.30-12.36.51:257][  0]LogConfig: Setting CVar [[gc.IncrementalBeginDestroyEnabled:1]]
[2021.12.30-12.36.51:257][  0]LogConfig: Setting CVar [[gc.CreateGCClusters:1]]
[2021.12.30-12.36.51:257][  0]LogConfig: Setting CVar [[gc.MinGCClusterSize:5]]
[2021.12.30-12.36.51:257][  0]LogConfig: Setting CVar [[gc.ActorClusteringEnabled:0]]
[2021.12.30-12.36.51:257][  0]LogConfig: Setting CVar [[gc.BlueprintClusteringEnabled:0]]
[2021.12.30-12.36.51:257][  0]LogConfig: Setting CVar [[gc.UseDisregardForGCOnDedicatedServers:0]]
[2021.12.30-12.36.51:257][  0]LogConfig: Setting CVar [[gc.MultithreadedDestructionEnabled:1]]
[2021.12.30-12.36.51:257][  0]LogConfig: Applying CVar settings from Section [/Script/Engine.NetworkSettings] File [D:/Dokumenty HDD/Github/Project-Alpha/Project_Alpha/Saved/Config/Windows/Engine.ini]
[2021.12.30-12.36.51:257][  0]LogConfig: Applying CVar settings from Section [/Script/UnrealEd.CookerSettings] File [D:/Dokumenty HDD/Github/Project-Alpha/Project_Alpha/Saved/Config/Windows/Engine.ini]
[2021.12.30-12.36.51:270][  0]LogConfig: Applying CVar settings from Section [ViewDistanceQuality@3] File [D:/Dokumenty HDD/Github/Project-Alpha/Project_Alpha/Saved/Config/Windows/Scalability.ini]
[2021.12.30-12.36.51:270][  0]LogConfig: Setting CVar [[r.SkeletalMeshLODBias:0]]
[2021.12.30-12.36.51:270][  0]LogConfig: Setting CVar [[r.ViewDistanceScale:1.0]]
[2021.12.30-12.36.51:270][  0]LogConfig: Applying CVar settings from Section [AntiAliasingQuality@3] File [D:/Dokumenty HDD/Github/Project-Alpha/Project_Alpha/Saved/Config/Windows/Scalability.ini]
[2021.12.30-12.36.51:270][  0]LogConfig: Setting CVar [[r.PostProcessAAQuality:4]]
[2021.12.30-12.36.51:270][  0]LogConfig: Applying CVar settings from Section [ShadowQuality@3] File [D:/Dokumenty HDD/Github/Project-Alpha/Project_Alpha/Saved/Config/Windows/Scalability.ini]
[2021.12.30-12.36.51:270][  0]LogConfig: Setting CVar [[r.LightFunctionQuality:1]]
[2021.12.30-12.36.51:270][  0]LogConfig: Setting CVar [[r.ShadowQuality:5]]
[2021.12.30-12.36.51:270][  0]LogConfig: Setting CVar [[r.Shadow.CSM.MaxCascades:10]]
[2021.12.30-12.36.51:270][  0]LogConfig: Setting CVar [[r.Shadow.MaxResolution:2048]]
[2021.12.30-12.36.51:270][  0]LogConfig: Setting CVar [[r.Shadow.MaxCSMResolution:2048]]
[2021.12.30-12.36.51:270][  0]LogConfig: Setting CVar [[r.Shadow.RadiusThreshold:0.01]]
[2021.12.30-12.36.51:270][  0]LogConfig: Setting CVar [[r.Shadow.DistanceScale:1.0]]
[2021.12.30-12.36.51:270][  0]LogConfig: Setting CVar [[r.Shadow.CSM.TransitionScale:1.0]]
[2021.12.30-12.36.51:270][  0]LogConfig: Setting CVar [[r.Shadow.PreShadowResolutionFactor:1.0]]
[2021.12.30-12.36.51:270][  0]LogConfig: Setting CVar [[r.DistanceFieldShadowing:1]]
[2021.12.30-12.36.51:270][  0]LogConfig: Setting CVar [[r.DistanceFieldAO:1]]
[2021.12.30-12.36.51:270][  0]LogConfig: Setting CVar [[r.AOQuality:2]]
[2021.12.30-12.36.51:270][  0]LogConfig: Setting CVar [[r.VolumetricFog:1]]
[2021.12.30-12.36.51:270][  0]LogConfig: Setting CVar [[r.VolumetricFog.GridPixelSize:8]]
[2021.12.30-12.36.51:270][  0]LogConfig: Setting CVar [[r.VolumetricFog.GridSizeZ:128]]
[2021.12.30-12.36.51:270][  0]LogConfig: Setting CVar [[r.VolumetricFog.HistoryMissSupersampleCount:4]]
[2021.12.30-12.36.51:270][  0]LogConfig: Setting CVar [[r.LightMaxDrawDistanceScale:1]]
[2021.12.30-12.36.51:270][  0]LogConfig: Setting CVar [[r.CapsuleShadows:1]]
[2021.12.30-12.36.51:270][  0]LogConfig: Applying CVar settings from Section [PostProcessQuality@3] File [D:/Dokumenty HDD/Github/Project-Alpha/Project_Alpha/Saved/Config/Windows/Scalability.ini]
[2021.12.30-12.36.51:270][  0]LogConfig: Setting CVar [[r.MotionBlurQuality:4]]
[2021.12.30-12.36.51:270][  0]LogConfig: Setting CVar [[r.AmbientOcclusionMipLevelFactor:0.4]]
[2021.12.30-12.36.51:270][  0]LogConfig: Setting CVar [[r.AmbientOcclusionMaxQuality:100]]
[2021.12.30-12.36.51:270][  0]LogConfig: Setting CVar [[r.AmbientOcclusionLevels:-1]]
[2021.12.30-12.36.51:270][  0]LogConfig: Setting CVar [[r.AmbientOcclusionRadiusScale:1.0]]
[2021.12.30-12.36.51:270][  0]LogConfig: Setting CVar [[r.DepthOfFieldQuality:2]]
[2021.12.30-12.36.51:270][  0]LogConfig: Setting CVar [[r.RenderTargetPoolMin:400]]
[2021.12.30-12.36.51:270][  0]LogConfig: Setting CVar [[r.LensFlareQuality:2]]
[2021.12.30-12.36.51:271][  0]LogConfig: Setting CVar [[r.SceneColorFringeQuality:1]]
[2021.12.30-12.36.51:271][  0]LogConfig: Setting CVar [[r.EyeAdaptationQuality:2]]
[2021.12.30-12.36.51:271][  0]LogConfig: Setting CVar [[r.BloomQuality:5]]
[2021.12.30-12.36.51:271][  0]LogConfig: Setting CVar [[r.FastBlurThreshold:100]]
[2021.12.30-12.36.51:271][  0]LogConfig: Setting CVar [[r.Upscale.Quality:3]]
[2021.12.30-12.36.51:271][  0]LogConfig: Setting CVar [[r.Tonemapper.GrainQuantization:1]]
[2021.12.30-12.36.51:271][  0]LogConfig: Setting CVar [[r.LightShaftQuality:1]]
[2021.12.30-12.36.51:271][  0]LogConfig: Setting CVar [[r.Filter.SizeScale:1]]
[2021.12.30-12.36.51:271][  0]LogConfig: Setting CVar [[r.Tonemapper.Quality:5]]
[2021.12.30-12.36.51:271][  0]LogConfig: Setting CVar [[r.DOF.Gather.AccumulatorQuality:1        ; higher gathering accumulator quality]]
[2021.12.30-12.36.51:271][  0]LogConfig: Setting CVar [[r.DOF.Gather.PostfilterMethod:1          ; Median3x3 postfilering method]]
[2021.12.30-12.36.51:271][  0]LogConfig: Setting CVar [[r.DOF.Gather.EnableBokehSettings:0       ; no bokeh simulation when gathering]]
[2021.12.30-12.36.51:271][  0]LogConfig: Setting CVar [[r.DOF.Gather.RingCount:4                 ; medium number of samples when gathering]]
[2021.12.30-12.36.51:271][  0]LogConfig: Setting CVar [[r.DOF.Scatter.ForegroundCompositing:1    ; additive foreground scattering]]
[2021.12.30-12.36.51:271][  0]LogConfig: Setting CVar [[r.DOF.Scatter.BackgroundCompositing:2    ; additive background scattering]]
[2021.12.30-12.36.51:271][  0]LogConfig: Setting CVar [[r.DOF.Scatter.EnableBokehSettings:1      ; bokeh simulation when scattering]]
[2021.12.30-12.36.51:271][  0]LogConfig: Setting CVar [[r.DOF.Scatter.MaxSpriteRatio:0.1         ; only a maximum of 10% of scattered bokeh]]
[2021.12.30-12.36.51:271][  0]LogConfig: Setting CVar [[r.DOF.Recombine.Quality:1                ; cheap slight out of focus]]
[2021.12.30-12.36.51:271][  0]LogConfig: Setting CVar [[r.DOF.Recombine.EnableBokehSettings:0    ; no bokeh simulation on slight out of focus]]
[2021.12.30-12.36.51:271][  0]LogConfig: Setting CVar [[r.DOF.TemporalAAQuality:1                ; more stable temporal accumulation]]
[2021.12.30-12.36.51:271][  0]LogConfig: Setting CVar [[r.DOF.Kernel.MaxForegroundRadius:0.025]]
[2021.12.30-12.36.51:271][  0]LogConfig: Setting CVar [[r.DOF.Kernel.MaxBackgroundRadius:0.025]]
[2021.12.30-12.36.51:271][  0]LogConfig: Applying CVar settings from Section [TextureQuality@3] File [D:/Dokumenty HDD/Github/Project-Alpha/Project_Alpha/Saved/Config/Windows/Scalability.ini]
[2021.12.30-12.36.51:271][  0]LogConfig: Setting CVar [[r.Streaming.MipBias:0]]
[2021.12.30-12.36.51:271][  0]LogConfig: Setting CVar [[r.Streaming.AmortizeCPUToGPUCopy:0]]
[2021.12.30-12.36.51:271][  0]LogConfig: Setting CVar [[r.Streaming.MaxNumTexturesToStreamPerFrame:0]]
[2021.12.30-12.36.51:271][  0]LogConfig: Setting CVar [[r.Streaming.Boost:1]]
[2021.12.30-12.36.51:271][  0]LogConfig: Setting CVar [[r.MaxAnisotropy:8]]
[2021.12.30-12.36.51:271][  0]LogConfig: Setting CVar [[r.VT.MaxAnisotropy:8]]
[2021.12.30-12.36.51:271][  0]LogConfig: Setting CVar [[r.Streaming.LimitPoolSizeToVRAM:0]]
[2021.12.30-12.36.51:271][  0]LogConfig: Setting CVar [[r.Streaming.PoolSize:1000]]
[2021.12.30-12.36.51:271][  0]LogConfig: Setting CVar [[r.Streaming.MaxEffectiveScreenSize:0]]
[2021.12.30-12.36.51:271][  0]LogConfig: Applying CVar settings from Section [EffectsQuality@3] File [D:/Dokumenty HDD/Github/Project-Alpha/Project_Alpha/Saved/Config/Windows/Scalability.ini]
[2021.12.30-12.36.51:271][  0]LogConfig: Setting CVar [[r.TranslucencyLightingVolumeDim:64]]
[2021.12.30-12.36.51:271][  0]LogConfig: Setting CVar [[r.RefractionQuality:2]]
[2021.12.30-12.36.51:271][  0]LogConfig: Setting CVar [[r.SSR.Quality:3]]
[2021.12.30-12.36.51:271][  0]LogConfig: Setting CVar [[r.SSR.HalfResSceneColor:0]]
[2021.12.30-12.36.51:271][  0]LogConfig: Setting CVar [[r.SceneColorFormat:4]]
[2021.12.30-12.36.51:271][  0]LogConfig: Setting CVar [[r.DetailMode:2]]
[2021.12.30-12.36.51:271][  0]LogConfig: Setting CVar [[r.TranslucencyVolumeBlur:1]]
[2021.12.30-12.36.51:271][  0]LogConfig: Setting CVar [[r.MaterialQualityLevel:1 ; High quality]]
[2021.12.30-12.36.51:271][  0]LogConfig: Setting CVar [[r.AnisotropicMaterials:1]]
[2021.12.30-12.36.51:271][  0]LogConfig: Setting CVar [[r.SSS.Scale:1]]
[2021.12.30-12.36.51:271][  0]LogConfig: Setting CVar [[r.SSS.SampleSet:2]]
[2021.12.30-12.36.51:271][  0]LogConfig: Setting CVar [[r.SSS.Quality:1]]
[2021.12.30-12.36.51:271][  0]LogConfig: Setting CVar [[r.SSS.HalfRes:0]]
[2021.12.30-12.36.51:271][  0]LogConfig: Setting CVar [[r.SSGI.Quality:3]]
[2021.12.30-12.36.51:271][  0]LogConfig: Setting CVar [[r.EmitterSpawnRateScale:1.0]]
[2021.12.30-12.36.51:271][  0]LogConfig: Setting CVar [[r.ParticleLightQuality:2]]
[2021.12.30-12.36.51:271][  0]LogConfig: Setting CVar [[r.SkyAtmosphere.AerialPerspectiveLUT.FastApplyOnOpaque:1 ; Always have FastSkyLUT 1 in this case to avoid wrong sky]]
[2021.12.30-12.36.51:271][  0]LogConfig: Setting CVar [[r.SkyAtmosphere.AerialPerspectiveLUT.SampleCountMaxPerSlice:4]]
[2021.12.30-12.36.51:271][  0]LogConfig: Setting CVar [[r.SkyAtmosphere.AerialPerspectiveLUT.DepthResolution:16.0]]
[2021.12.30-12.36.51:271][  0]LogConfig: Setting CVar [[r.SkyAtmosphere.FastSkyLUT:1]]
[2021.12.30-12.36.51:271][  0]LogConfig: Setting CVar [[r.SkyAtmosphere.FastSkyLUT.SampleCountMin:4.0]]
[2021.12.30-12.36.51:271][  0]LogConfig: Setting CVar [[r.SkyAtmosphere.FastSkyLUT.SampleCountMax:128.0]]
[2021.12.30-12.36.51:271][  0]LogConfig: Setting CVar [[r.SkyAtmosphere.SampleCountMin:4.0]]
[2021.12.30-12.36.51:271][  0]LogConfig: Setting CVar [[r.SkyAtmosphere.SampleCountMax:128.0]]
[2021.12.30-12.36.51:271][  0]LogConfig: Setting CVar [[r.SkyAtmosphere.TransmittanceLUT.UseSmallFormat:0]]
[2021.12.30-12.36.51:271][  0]LogConfig: Setting CVar [[r.SkyAtmosphere.TransmittanceLUT.SampleCount:10.0]]
[2021.12.30-12.36.51:271][  0]LogConfig: Setting CVar [[r.SkyAtmosphere.MultiScatteringLUT.SampleCount:15.0]]
[2021.12.30-12.36.51:271][  0]LogConfig: Setting CVar [[r.SkyLight.RealTimeReflectionCapture:1]]
[2021.12.30-12.36.51:271][  0]LogConfig: Applying CVar settings from Section [FoliageQuality@3] File [D:/Dokumenty HDD/Github/Project-Alpha/Project_Alpha/Saved/Config/Windows/Scalability.ini]
[2021.12.30-12.36.51:271][  0]LogConfig: Setting CVar [[foliage.DensityScale:1.0]]
[2021.12.30-12.36.51:271][  0]LogConfig: Setting CVar [[grass.DensityScale:1.0]]
[2021.12.30-12.36.51:271][  0]LogConfig: Applying CVar settings from Section [ShadingQuality@3] File [D:/Dokumenty HDD/Github/Project-Alpha/Project_Alpha/Saved/Config/Windows/Scalability.ini]
[2021.12.30-12.36.51:271][  0]LogConfig: Setting CVar [[r.HairStrands.SkyLighting.IntegrationType:2]]
[2021.12.30-12.36.51:271][  0]LogConfig: Setting CVar [[r.HairStrands.SkyAO.SampleCount:4]]
[2021.12.30-12.36.51:271][  0]LogConfig: Setting CVar [[r.HairStrands.Visibility.MSAA.SamplePerPixel:4]]
[2021.12.30-12.36.51:271][  0]LogInit: Selected Device Profile: [Windows]
[2021.12.30-12.36.51:271][  0]LogInit: Applying CVar settings loaded from the selected device profile: [Windows]
[2021.12.30-12.36.51:271][  0]LogHAL: Display: Platform has ~ 16 GB [17128042496 / 17179869184 / 16], which maps to Larger [LargestMinGB=32, LargerMinGB=12, DefaultMinGB=8, SmallerMinGB=6, SmallestMinGB=0)
[2021.12.30-12.36.51:271][  0]LogInit: Going up to parent DeviceProfile []
[2021.12.30-12.36.51:271][  0]LogConfig: Applying CVar settings from Section [ViewDistanceQuality@3] File [D:/Dokumenty HDD/Github/Project-Alpha/Project_Alpha/Saved/Config/Windows/Scalability.ini]
[2021.12.30-12.36.51:271][  0]LogConfig: Setting CVar [[r.SkeletalMeshLODBias:0]]
[2021.12.30-12.36.51:271][  0]LogConfig: Setting CVar [[r.ViewDistanceScale:1.0]]
[2021.12.30-12.36.51:271][  0]LogConfig: Applying CVar settings from Section [AntiAliasingQuality@3] File [D:/Dokumenty HDD/Github/Project-Alpha/Project_Alpha/Saved/Config/Windows/Scalability.ini]
[2021.12.30-12.36.51:271][  0]LogConfig: Setting CVar [[r.PostProcessAAQuality:4]]
[2021.12.30-12.36.51:271][  0]LogConfig: Applying CVar settings from Section [ShadowQuality@3] File [D:/Dokumenty HDD/Github/Project-Alpha/Project_Alpha/Saved/Config/Windows/Scalability.ini]
[2021.12.30-12.36.51:271][  0]LogConfig: Setting CVar [[r.LightFunctionQuality:1]]
[2021.12.30-12.36.51:271][  0]LogConfig: Setting CVar [[r.ShadowQuality:5]]
[2021.12.30-12.36.51:271][  0]LogConfig: Setting CVar [[r.Shadow.CSM.MaxCascades:10]]
[2021.12.30-12.36.51:271][  0]LogConfig: Setting CVar [[r.Shadow.MaxResolution:2048]]
[2021.12.30-12.36.51:271][  0]LogConfig: Setting CVar [[r.Shadow.MaxCSMResolution:2048]]
[2021.12.30-12.36.51:271][  0]LogConfig: Setting CVar [[r.Shadow.RadiusThreshold:0.01]]
[2021.12.30-12.36.51:271][  0]LogConfig: Setting CVar [[r.Shadow.DistanceScale:1.0]]
[2021.12.30-12.36.51:271][  0]LogConfig: Setting CVar [[r.Shadow.CSM.TransitionScale:1.0]]
[2021.12.30-12.36.51:271][  0]LogConfig: Setting CVar [[r.Shadow.PreShadowResolutionFactor:1.0]]
[2021.12.30-12.36.51:271][  0]LogConfig: Setting CVar [[r.DistanceFieldShadowing:1]]
[2021.12.30-12.36.51:271][  0]LogConfig: Setting CVar [[r.DistanceFieldAO:1]]
[2021.12.30-12.36.51:271][  0]LogConfig: Setting CVar [[r.AOQuality:2]]
[2021.12.30-12.36.51:271][  0]LogConfig: Setting CVar [[r.VolumetricFog:1]]
[2021.12.30-12.36.51:271][  0]LogConfig: Setting CVar [[r.VolumetricFog.GridPixelSize:8]]
[2021.12.30-12.36.51:271][  0]LogConfig: Setting CVar [[r.VolumetricFog.GridSizeZ:128]]
[2021.12.30-12.36.51:272][  0]LogConfig: Setting CVar [[r.VolumetricFog.HistoryMissSupersampleCount:4]]
[2021.12.30-12.36.51:272][  0]LogConfig: Setting CVar [[r.LightMaxDrawDistanceScale:1]]
[2021.12.30-12.36.51:272][  0]LogConfig: Setting CVar [[r.CapsuleShadows:1]]
[2021.12.30-12.36.51:272][  0]LogConfig: Applying CVar settings from Section [PostProcessQuality@3] File [D:/Dokumenty HDD/Github/Project-Alpha/Project_Alpha/Saved/Config/Windows/Scalability.ini]
[2021.12.30-12.36.51:272][  0]LogConfig: Setting CVar [[r.MotionBlurQuality:4]]
[2021.12.30-12.36.51:272][  0]LogConfig: Setting CVar [[r.AmbientOcclusionMipLevelFactor:0.4]]
[2021.12.30-12.36.51:272][  0]LogConfig: Setting CVar [[r.AmbientOcclusionMaxQuality:100]]
[2021.12.30-12.36.51:272][  0]LogConfig: Setting CVar [[r.AmbientOcclusionLevels:-1]]
[2021.12.30-12.36.51:272][  0]LogConfig: Setting CVar [[r.AmbientOcclusionRadiusScale:1.0]]
[2021.12.30-12.36.51:272][  0]LogConfig: Setting CVar [[r.DepthOfFieldQuality:2]]
[2021.12.30-12.36.51:272][  0]LogConfig: Setting CVar [[r.RenderTargetPoolMin:400]]
[2021.12.30-12.36.51:272][  0]LogConfig: Setting CVar [[r.LensFlareQuality:2]]
[2021.12.30-12.36.51:272][  0]LogConfig: Setting CVar [[r.SceneColorFringeQuality:1]]
[2021.12.30-12.36.51:272][  0]LogConfig: Setting CVar [[r.EyeAdaptationQuality:2]]
[2021.12.30-12.36.51:272][  0]LogConfig: Setting CVar [[r.BloomQuality:5]]
[2021.12.30-12.36.51:272][  0]LogConfig: Setting CVar [[r.FastBlurThreshold:100]]
[2021.12.30-12.36.51:272][  0]LogConfig: Setting CVar [[r.Upscale.Quality:3]]
[2021.12.30-12.36.51:272][  0]LogConfig: Setting CVar [[r.Tonemapper.GrainQuantization:1]]
[2021.12.30-12.36.51:272][  0]LogConfig: Setting CVar [[r.LightShaftQuality:1]]
[2021.12.30-12.36.51:272][  0]LogConfig: Setting CVar [[r.Filter.SizeScale:1]]
[2021.12.30-12.36.51:272][  0]LogConfig: Setting CVar [[r.Tonemapper.Quality:5]]
[2021.12.30-12.36.51:272][  0]LogConfig: Setting CVar [[r.DOF.Gather.AccumulatorQuality:1        ; higher gathering accumulator quality]]
[2021.12.30-12.36.51:272][  0]LogConfig: Setting CVar [[r.DOF.Gather.PostfilterMethod:1          ; Median3x3 postfilering method]]
[2021.12.30-12.36.51:272][  0]LogConfig: Setting CVar [[r.DOF.Gather.EnableBokehSettings:0       ; no bokeh simulation when gathering]]
[2021.12.30-12.36.51:272][  0]LogConfig: Setting CVar [[r.DOF.Gather.RingCount:4                 ; medium number of samples when gathering]]
[2021.12.30-12.36.51:272][  0]LogConfig: Setting CVar [[r.DOF.Scatter.ForegroundCompositing:1    ; additive foreground scattering]]
[2021.12.30-12.36.51:272][  0]LogConfig: Setting CVar [[r.DOF.Scatter.BackgroundCompositing:2    ; additive background scattering]]
[2021.12.30-12.36.51:272][  0]LogConfig: Setting CVar [[r.DOF.Scatter.EnableBokehSettings:1      ; bokeh simulation when scattering]]
[2021.12.30-12.36.51:272][  0]LogConfig: Setting CVar [[r.DOF.Scatter.MaxSpriteRatio:0.1         ; only a maximum of 10% of scattered bokeh]]
[2021.12.30-12.36.51:272][  0]LogConfig: Setting CVar [[r.DOF.Recombine.Quality:1                ; cheap slight out of focus]]
[2021.12.30-12.36.51:272][  0]LogConfig: Setting CVar [[r.DOF.Recombine.EnableBokehSettings:0    ; no bokeh simulation on slight out of focus]]
[2021.12.30-12.36.51:272][  0]LogConfig: Setting CVar [[r.DOF.TemporalAAQuality:1                ; more stable temporal accumulation]]
[2021.12.30-12.36.51:272][  0]LogConfig: Setting CVar [[r.DOF.Kernel.MaxForegroundRadius:0.025]]
[2021.12.30-12.36.51:272][  0]LogConfig: Setting CVar [[r.DOF.Kernel.MaxBackgroundRadius:0.025]]
[2021.12.30-12.36.51:272][  0]LogConfig: Applying CVar settings from Section [TextureQuality@3] File [D:/Dokumenty HDD/Github/Project-Alpha/Project_Alpha/Saved/Config/Windows/Scalability.ini]
[2021.12.30-12.36.51:272][  0]LogConfig: Setting CVar [[r.Streaming.MipBias:0]]
[2021.12.30-12.36.51:272][  0]LogConfig: Setting CVar [[r.Streaming.AmortizeCPUToGPUCopy:0]]
[2021.12.30-12.36.51:272][  0]LogConfig: Setting CVar [[r.Streaming.MaxNumTexturesToStreamPerFrame:0]]
[2021.12.30-12.36.51:272][  0]LogConfig: Setting CVar [[r.Streaming.Boost:1]]
[2021.12.30-12.36.51:272][  0]LogConfig: Setting CVar [[r.MaxAnisotropy:8]]
[2021.12.30-12.36.51:272][  0]LogConfig: Setting CVar [[r.VT.MaxAnisotropy:8]]
[2021.12.30-12.36.51:272][  0]LogConfig: Setting CVar [[r.Streaming.LimitPoolSizeToVRAM:0]]
[2021.12.30-12.36.51:272][  0]LogConfig: Setting CVar [[r.Streaming.PoolSize:1000]]
[2021.12.30-12.36.51:272][  0]LogConfig: Setting CVar [[r.Streaming.MaxEffectiveScreenSize:0]]
[2021.12.30-12.36.51:272][  0]LogConfig: Applying CVar settings from Section [EffectsQuality@3] File [D:/Dokumenty HDD/Github/Project-Alpha/Project_Alpha/Saved/Config/Windows/Scalability.ini]
[2021.12.30-12.36.51:272][  0]LogConfig: Setting CVar [[r.TranslucencyLightingVolumeDim:64]]
[2021.12.30-12.36.51:272][  0]LogConfig: Setting CVar [[r.RefractionQuality:2]]
[2021.12.30-12.36.51:272][  0]LogConfig: Setting CVar [[r.SSR.Quality:3]]
[2021.12.30-12.36.51:272][  0]LogConfig: Setting CVar [[r.SSR.HalfResSceneColor:0]]
[2021.12.30-12.36.51:272][  0]LogConfig: Setting CVar [[r.SceneColorFormat:4]]
[2021.12.30-12.36.51:272][  0]LogConfig: Setting CVar [[r.DetailMode:2]]
[2021.12.30-12.36.51:272][  0]LogConfig: Setting CVar [[r.TranslucencyVolumeBlur:1]]
[2021.12.30-12.36.51:272][  0]LogConfig: Setting CVar [[r.MaterialQualityLevel:1 ; High quality]]
[2021.12.30-12.36.51:272][  0]LogConfig: Setting CVar [[r.AnisotropicMaterials:1]]
[2021.12.30-12.36.51:272][  0]LogConfig: Setting CVar [[r.SSS.Scale:1]]
[2021.12.30-12.36.51:272][  0]LogConfig: Setting CVar [[r.SSS.SampleSet:2]]
[2021.12.30-12.36.51:272][  0]LogConfig: Setting CVar [[r.SSS.Quality:1]]
[2021.12.30-12.36.51:272][  0]LogConfig: Setting CVar [[r.SSS.HalfRes:0]]
[2021.12.30-12.36.51:272][  0]LogConfig: Setting CVar [[r.SSGI.Quality:3]]
[2021.12.30-12.36.51:272][  0]LogConfig: Setting CVar [[r.EmitterSpawnRateScale:1.0]]
[2021.12.30-12.36.51:272][  0]LogConfig: Setting CVar [[r.ParticleLightQuality:2]]
[2021.12.30-12.36.51:272][  0]LogConfig: Setting CVar [[r.SkyAtmosphere.AerialPerspectiveLUT.FastApplyOnOpaque:1 ; Always have FastSkyLUT 1 in this case to avoid wrong sky]]
[2021.12.30-12.36.51:272][  0]LogConfig: Setting CVar [[r.SkyAtmosphere.AerialPerspectiveLUT.SampleCountMaxPerSlice:4]]
[2021.12.30-12.36.51:272][  0]LogConfig: Setting CVar [[r.SkyAtmosphere.AerialPerspectiveLUT.DepthResolution:16.0]]
[2021.12.30-12.36.51:272][  0]LogConfig: Setting CVar [[r.SkyAtmosphere.FastSkyLUT:1]]
[2021.12.30-12.36.51:272][  0]LogConfig: Setting CVar [[r.SkyAtmosphere.FastSkyLUT.SampleCountMin:4.0]]
[2021.12.30-12.36.51:272][  0]LogConfig: Setting CVar [[r.SkyAtmosphere.FastSkyLUT.SampleCountMax:128.0]]
[2021.12.30-12.36.51:272][  0]LogConfig: Setting CVar [[r.SkyAtmosphere.SampleCountMin:4.0]]
[2021.12.30-12.36.51:272][  0]LogConfig: Setting CVar [[r.SkyAtmosphere.SampleCountMax:128.0]]
[2021.12.30-12.36.51:272][  0]LogConfig: Setting CVar [[r.SkyAtmosphere.TransmittanceLUT.UseSmallFormat:0]]
[2021.12.30-12.36.51:272][  0]LogConfig: Setting CVar [[r.SkyAtmosphere.TransmittanceLUT.SampleCount:10.0]]
[2021.12.30-12.36.51:272][  0]LogConfig: Setting CVar [[r.SkyAtmosphere.MultiScatteringLUT.SampleCount:15.0]]
[2021.12.30-12.36.51:272][  0]LogConfig: Setting CVar [[r.SkyLight.RealTimeReflectionCapture:1]]
[2021.12.30-12.36.51:272][  0]LogConfig: Applying CVar settings from Section [FoliageQuality@3] File [D:/Dokumenty HDD/Github/Project-Alpha/Project_Alpha/Saved/Config/Windows/Scalability.ini]
[2021.12.30-12.36.51:272][  0]LogConfig: Setting CVar [[foliage.DensityScale:1.0]]
[2021.12.30-12.36.51:272][  0]LogConfig: Setting CVar [[grass.DensityScale:1.0]]
[2021.12.30-12.36.51:272][  0]LogConfig: Applying CVar settings from Section [ShadingQuality@3] File [D:/Dokumenty HDD/Github/Project-Alpha/Project_Alpha/Saved/Config/Windows/Scalability.ini]
[2021.12.30-12.36.51:272][  0]LogConfig: Setting CVar [[r.HairStrands.SkyLighting.IntegrationType:2]]
[2021.12.30-12.36.51:272][  0]LogConfig: Setting CVar [[r.HairStrands.SkyAO.SampleCount:4]]
[2021.12.30-12.36.51:272][  0]LogConfig: Setting CVar [[r.HairStrands.Visibility.MSAA.SamplePerPixel:4]]
[2021.12.30-12.36.51:272][  0]LogConfig: Applying CVar settings from Section [Startup] File [../../../Engine/Config/ConsoleVariables.ini]
[2021.12.30-12.36.51:273][  0]LogConfig: Setting CVar [[net.UseAdaptiveNetUpdateFrequency:0]]
[2021.12.30-12.36.51:273][  0]LogConfig: Setting CVar [[p.chaos.AllowCreatePhysxBodies:1]]
[2021.12.30-12.36.51:273][  0]LogConfig: Setting CVar [[fx.SkipVectorVMBackendOptimizations:1]]
[2021.12.30-12.36.51:273][  0]LogConfig: Applying CVar settings from Section [ConsoleVariables] File [D:/Dokumenty HDD/Github/Project-Alpha/Project_Alpha/Saved/Config/Windows/Engine.ini]
[2021.12.30-12.36.51:273][  0]LogConfig: Applying CVar settings from Section [ConsoleVariables] File [D:/Dokumenty HDD/Github/Project-Alpha/Project_Alpha/Saved/Config/Windows/Editor.ini]
[2021.12.30-12.36.51:273][  0]LogInit: Computer: DANIEL
[2021.12.30-12.36.51:273][  0]LogInit: User: dangr
[2021.12.30-12.36.51:273][  0]LogInit: CPU Page size=4096, Cores=6
[2021.12.30-12.36.51:273][  0]LogInit: High frequency timer resolution =10.000000 MHz
[2021.12.30-12.36.51:273][  0]LogMemory: Memory total: Physical=16.0GB (16GB approx)
[2021.12.30-12.36.51:273][  0]LogMemory: Platform Memory Stats for Windows
[2021.12.30-12.36.51:273][  0]LogMemory: Process Physical Memory: 146.47 MB used, 146.47 MB peak
[2021.12.30-12.36.51:273][  0]LogMemory: Process Virtual Memory: 131.95 MB used, 131.95 MB peak
[2021.12.30-12.36.51:273][  0]LogMemory: Physical Memory: 7010.57 MB used,  9324.00 MB free, 16334.57 MB total
[2021.12.30-12.36.51:273][  0]LogMemory: Virtual Memory: 134204496.00 MB used,  13233.48 MB free, 134217728.00 MB total
[2021.12.30-12.36.51:278][  0]LogWindows: WindowsPlatformFeatures enabled
[2021.12.30-12.36.51:300][  0]LogInit: Physics initialised using underlying interface: PhysX
[2021.12.30-12.36.51:300][  0]LogInit: Using OS detected language (cs-CZ).
[2021.12.30-12.36.51:300][  0]LogInit: Using OS detected locale (cs-CZ).
[2021.12.30-12.36.51:302][  0]LogTextLocalizationManager: No localization for 'cs-CZ' exists, so 'en' will be used for the language.
[2021.12.30-12.36.51:303][  0]LogTextLocalizationManager: No localization for 'cs-CZ' exists, so 'en' will be used for the locale.
[2021.12.30-12.36.51:468][  0]LogWindowsTextInputMethodSystem: Display: IME system deactivated.
[2021.12.30-12.36.51:542][  0]LogSlate: New Slate User Created.  User Index 0, Is Virtual User: 0
[2021.12.30-12.36.51:542][  0]LogSlate: Slate User Registered.  User Index 0, Is Virtual User: 0
[2021.12.30-12.36.51:572][  0]LogD3D11RHI: Loaded GFSDK_Aftermath_Lib.x64.dll
[2021.12.30-12.36.51:575][  0]LogHMD: Failed to initialize OpenVR with code 110
[2021.12.30-12.36.51:575][  0]LogD3D11RHI: D3D11 min allowed feature level: 11_0
[2021.12.30-12.36.51:575][  0]LogD3D11RHI: D3D11 max allowed feature level: 11_0
[2021.12.30-12.36.51:575][  0]LogD3D11RHI: D3D11 adapters:
[2021.12.30-12.36.51:616][  0]LogD3D11RHI:    0. 'AMD Radeon RX 6600 XT' (Feature Level 11_0)
[2021.12.30-12.36.51:616][  0]LogD3D11RHI:       8147/0/8167 MB DedicatedVideo/DedicatedSystem/SharedSystem, Outputs:2, VendorId:0x1002
[2021.12.30-12.36.51:619][  0]LogD3D11RHI:    1. 'Microsoft Basic Render Driver' (Feature Level 11_0)
[2021.12.30-12.36.51:619][  0]LogD3D11RHI:       0/0/8167 MB DedicatedVideo/DedicatedSystem/SharedSystem, Outputs:0, VendorId:0x1414
[2021.12.30-12.36.51:619][  0]LogD3D11RHI: Chosen D3D11 Adapter:
[2021.12.30-12.36.51:619][  0]LogD3D11RHI:     Description : AMD Radeon RX 6600 XT
[2021.12.30-12.36.51:619][  0]LogD3D11RHI:     VendorId    : 1002
[2021.12.30-12.36.51:619][  0]LogD3D11RHI:     DeviceId    : 73ff
[2021.12.30-12.36.51:619][  0]LogD3D11RHI:     SubSysId    : 23381458
[2021.12.30-12.36.51:619][  0]LogD3D11RHI:     Revision    : 00c1
[2021.12.30-12.36.51:619][  0]LogD3D11RHI:     DedicatedVideoMemory : 8543363072 bytes
[2021.12.30-12.36.51:619][  0]LogD3D11RHI:     DedicatedSystemMemory : 0 bytes
[2021.12.30-12.36.51:619][  0]LogD3D11RHI:     SharedSystemMemory : 8564021248 bytes
[2021.12.30-12.36.51:619][  0]LogD3D11RHI:     AdapterLuid : 0 46593
[2021.12.30-12.36.51:624][  0]LogD3D11RHI: Creating new Direct3DDevice
[2021.12.30-12.36.51:624][  0]LogD3D11RHI:     GPU DeviceId: 0x73ff (for the marketing name, search the web for "GPU Device Id")
[2021.12.30-12.36.51:624][  0]LogWindows: EnumDisplayDevices:
[2021.12.30-12.36.51:624][  0]LogWindows:    0. 'AMD Radeon RX 6600 XT' (P:0 D:1)
[2021.12.30-12.36.51:625][  0]LogWindows:    1. 'AMD Radeon RX 6600 XT' (P:1 D:1)
[2021.12.30-12.36.51:625][  0]LogWindows:    2. 'AMD Radeon RX 6600 XT' (P:0 D:0)
[2021.12.30-12.36.51:625][  0]LogWindows:    3. 'AMD Radeon RX 6600 XT' (P:0 D:0)
[2021.12.30-12.36.51:625][  0]LogWindows:    4. 'AMD Radeon RX 6600 XT' (P:0 D:0)
[2021.12.30-12.36.51:626][  0]LogWindows:    5. 'AMD Radeon RX 6600 XT' (P:0 D:0)
[2021.12.30-12.36.51:626][  0]LogWindows: DebugString: FoundDriverCount:6 
[2021.12.30-12.36.51:626][  0]LogD3D11RHI:     Adapter Name: AMD Radeon RX 6600 XT
[2021.12.30-12.36.51:626][  0]LogD3D11RHI:   Driver Version: Adrenalin 2020 21.12.1 (internal:30.0.14011.3017, unified:30.0.14011.3017)
[2021.12.30-12.36.51:626][  0]LogD3D11RHI:      Driver Date: 12-1-2021
[2021.12.30-12.36.51:626][  0]LogRHI: Texture pool is 5165 MB (70% of 7379 MB)
[2021.12.30-12.36.51:647][  0]LogD3D11RHI: Creating D3DDevice with AMD AGS, using adapter:
[2021.12.30-12.36.51:647][  0]LogD3D11RHI:     Description : AMD Radeon RX 6600 XT
[2021.12.30-12.36.51:647][  0]LogD3D11RHI:     VendorId    : 1002
[2021.12.30-12.36.51:647][  0]LogD3D11RHI:     DeviceId    : 73ff
[2021.12.30-12.36.51:647][  0]LogD3D11RHI:     SubSysId    : 23381458
[2021.12.30-12.36.51:647][  0]LogD3D11RHI:     Revision    : 00c1
[2021.12.30-12.36.51:647][  0]LogD3D11RHI:     DedicatedVideoMemory : 8543363072 bytes
[2021.12.30-12.36.51:647][  0]LogD3D11RHI:     DedicatedSystemMemory : 0 bytes
[2021.12.30-12.36.51:647][  0]LogD3D11RHI:     SharedSystemMemory : 8564021248 bytes
[2021.12.30-12.36.51:647][  0]LogD3D11RHI:     AdapterLuid : 0 46593
[2021.12.30-12.36.51:683][  0]LogD3D11RHI: Created device via AGS, feature level 11_0, supported extensions 1fffffbf.
[2021.12.30-12.36.51:683][  0]LogD3D11RHI: RHI has support for 64 bit atomics
[2021.12.30-12.36.51:683][  0]LogD3D11RHI: Async texture creation enabled
[2021.12.30-12.36.51:683][  0]LogD3D11RHI: Array index from any shader is supported
[2021.12.30-12.36.51:699][  0]LogD3D11RHI: GPU Timing Frequency: 100.000000 (Debug: 2 1)
[2021.12.30-12.36.51:956][  0]LogTargetPlatformManager: Display: Loaded TargetPlatform 'WindowsNoEditor'
[2021.12.30-12.36.51:961][  0]LogTargetPlatformManager: Display: Loaded TargetPlatform 'Windows'
[2021.12.30-12.36.51:966][  0]LogTargetPlatformManager: Display: Loaded TargetPlatform 'WindowsClient'
[2021.12.30-12.36.51:971][  0]LogTargetPlatformManager: Display: Loaded TargetPlatform 'WindowsServer'
[2021.12.30-12.36.51:971][  0]LogTargetPlatformManager: Display: Building Assets For Windows
[2021.12.30-12.36.51:978][  0]LogAudioDebug: Display: Lib vorbis DLL was dynamically loaded.
[2021.12.30-12.36.52:005][  0]LogTextureFormatOodle: Display: Oodle Texture 2.9.0 init RDO Off
[2021.12.30-12.36.52:036][  0]LogRendererCore: Ray tracing is disabled. Reason: r.RayTracing=0.
[2021.12.30-12.36.52:036][  0]LogShaderCompilers: Guid format shader working directory is -17 characters bigger than the processId version (../../../../../Dokumenty HDD/Github/Project-Alpha/Project_Alpha/Intermediate/Shaders/WorkingDirectory/2188/).
[2021.12.30-12.36.52:036][  0]LogShaderCompilers: Cleaned the shader compiler working directory 'C:/Users/dangr/AppData/Local/Temp/UnrealShaderWorkingDir/A93465734CEC6BF8742C5195FB247E34/'.
[2021.12.30-12.36.52:036][  0]LogXGEController: Cannot use XGE Controller as Incredibuild is not installed on this machine.
[2021.12.30-12.36.52:036][  0]LogShaderCompilers: Cannot use XGE Shader Compiler as Incredibuild is not installed on this machine.
[2021.12.30-12.36.52:036][  0]LogShaderCompilers: Display: Using Local Shader Compiler.
[2021.12.30-12.36.52:666][  0]LogDerivedDataCache: Display: Max Cache Size: 512 MB
[2021.12.30-12.36.52:716][  0]LogDerivedDataCache: Loaded boot cache 0.05s 94MB C:/Users/dangr/AppData/Local/UnrealEngine/4.27/DerivedDataCache/Boot.ddc.
[2021.12.30-12.36.52:717][  0]LogDerivedDataCache: Display: Loaded Boot cache: C:/Users/dangr/AppData/Local/UnrealEngine/4.27/DerivedDataCache/Boot.ddc
[2021.12.30-12.36.52:717][  0]LogDerivedDataCache: FDerivedDataBackendGraph:  Pak pak cache file ../../../../../Dokumenty HDD/Github/Project-Alpha/Project_Alpha/DerivedDataCache/DDC.ddp not found, will not use a pak cache.
[2021.12.30-12.36.52:717][  0]LogDerivedDataCache: Unable to find inner node Pak for hierarchical cache Hierarchy.
[2021.12.30-12.36.52:717][  0]LogDerivedDataCache: FDerivedDataBackendGraph:  CompressedPak pak cache file ../../../../../Dokumenty HDD/Github/Project-Alpha/Project_Alpha/DerivedDataCache/Compressed.ddp not found, will not use a pak cache.
[2021.12.30-12.36.52:717][  0]LogDerivedDataCache: Unable to find inner node CompressedPak for hierarchical cache Hierarchy.
[2021.12.30-12.36.52:736][  0]LogDerivedDataCache: Display: Pak cache opened for reading ../../../Engine/DerivedDataCache/Compressed.ddp.
[2021.12.30-12.36.52:736][  0]LogDerivedDataCache: FDerivedDataBackendGraph:  EnterprisePak pak cache file ../../../Enterprise/DerivedDataCache/Compressed.ddp not found, will not use a pak cache.
[2021.12.30-12.36.52:736][  0]LogDerivedDataCache: Unable to find inner node EnterprisePak for hierarchical cache Hierarchy.
[2021.12.30-12.36.52:747][  0]LogDerivedDataCache: Speed tests for C:/Users/dangr/AppData/Local/UnrealEngine/Common/DerivedDataCache took 0.01 seconds
[2021.12.30-12.36.52:747][  0]LogDerivedDataCache: Display: Performance to C:/Users/dangr/AppData/Local/UnrealEngine/Common/DerivedDataCache: Latency=0.02ms. RandomReadSpeed=155.63MBs, RandomWriteSpeed=213.41MBs. Assigned SpeedClass 'Local'
[2021.12.30-12.36.52:747][  0]LogDerivedDataCache: Using Local data cache path C:/Users/dangr/AppData/Local/UnrealEngine/Common/DerivedDataCache: Writable
[2021.12.30-12.36.52:747][  0]LogDerivedDataCache: Shared data cache path not found in *engine.ini, will not use an Shared cache.
[2021.12.30-12.36.52:747][  0]LogDerivedDataCache: Unable to find inner node Shared for hierarchical cache Hierarchy.
[2021.12.30-12.36.52:780][  0]LogSlate: Using FreeType 2.10.0
[2021.12.30-12.36.52:781][  0]LogSlate: SlateFontServices - WITH_FREETYPE: 1, WITH_HARFBUZZ: 1
[2021.12.30-12.36.52:909][  0]LogInit: Using OS detected language (cs-CZ).
[2021.12.30-12.36.52:909][  0]LogInit: Using OS detected locale (cs-CZ).
[2021.12.30-12.36.52:909][  0]LogTextLocalizationManager: No localization for 'cs-CZ' exists, so 'en' will be used for the language.
[2021.12.30-12.36.52:909][  0]LogTextLocalizationManager: No localization for 'cs-CZ' exists, so 'en' will be used for the locale.
[2021.12.30-12.36.52:913][  0]LogTextLocalizationManager: Compacting localization data took   0.01ms
[2021.12.30-12.36.52:913][  0]LogAssetRegistry: FAssetRegistry took 0.0025 seconds to start up
[2021.12.30-12.36.53:050][  0]LogPackageLocalizationCache: Processed 30 localized package path(s) for 1 prioritized culture(s) in 0.000915 seconds
[2021.12.30-12.36.53:106][  0]LogInit: Selected Device Profile: [Windows]
[2021.12.30-12.36.53:107][  0]LogInit: Active device profile: [000001F3AE1C0700][000001F3A503C4C0 49] Windows
[2021.12.30-12.36.53:107][  0]LogInit: Profiles: [000001F3AE1C0700][000001F3A503C4C0 49] Windows, [000001F3AE17F700][000001F3A4856640 49] WindowsNoEditor, [000001F3AE1C3300][000001F3A485A7C0 49] WindowsServer, [000001F3AE17CF00][000001F3A485E940 49] WindowsClient, [000001F3AE1C3500][000001F3A4862AC0 49] IOS, [000001F3AE173F00][000001F3A4866C40 49] iPadAir, [000001F3AE17FB00][000001F3A486ADC0 49] iPadAir2, [000001F3AE12C500][000001F3A4873080 49] IPadPro, [000001F3AE12C600][000001F3A486F0C0 49] iPadAir3, [000001F3AE170100][000001F3A4877240 49] iPadAir4, [000001F3AE12EC00][000001F3A487B3C0 49] iPadMini2, [000001F3AE172500][000001F3A487F540 49] iPadMini3, [000001F3AE12F400][000001F3A48836C0 49] iPadMini4, [000001F3AE170F00][000001F3A4853800 49] iPadMini5, [000001F3AE11FE00][000001F3A4AF5A40 49] iPhone6, [000001F3AE11FF00][000001F3A4887A80 49] iPodTouch6, [000001F3AE1C3900][000001F3A4B001C0 49] iPhone7, [000001F3AE1C2100][000001F3A4AFC200 49] iPodTouch7, [000001F3AE11C400][000001F3A4B04380 49] iPhone5S, [000001F3AE12FD00][000001F3A4B08500 49] iPhone6Plus, [000001F3AE1C3400][000001F3A4B0C680 49] iPhone6S, [000001F3AE12E000][000001F3A4B10800 49] iPhone6SPlus, [000001F3AE1C0900][000001F3A4B14980 49] iPhone7Plus, [000001F3AE12CE00][000001F3A4B18B00 49] iPhoneSE, [000001F3AE1C0200][000001F3A4B1CC80 49] iPhone8, [000001F3AE12E400][000001F3A4B20E00 49] iPhone8Plus, [000001F3AE1C1E00][000001F3A4B24F80 49] iPhoneX, [000001F3AE12FE00][000001F3A4B29100 49] iPhoneXS, [000001F3AE1C1600][000001F3A4B2D280 49] iPhoneXSMax, [000001F3AE12E500][000001F3A4B31400 49] iPhoneXR, [000001F3AE1C2A00][000001F3A4B35580 49] iPhone11, [000001F3AE12FA00][000001F3A4B39700 49] iPhone11Pro, [000001F3AE1C0F00][000001F3A4B3D880 49] iPhone11ProMax, [000001F3AE12E300][000001F3A4AF99C0 49] iPhoneSE2, [000001F3AE1C2700][000001F3ADE33B00 49] iPhone12Mini, [000001F3AE12C700][000001F3ADE360C0 49] iPhone12, [000001F3AE1C3100][000001F3ADE3E240 49] iPhone12Pro, [000001F3AE12F500][000001F3ADE423C0 49] iPhone12ProMax, [000001F3AE1C0800][000001F3ADE46540 49] iPadPro105, [000001F3AE12DC00][000001F3ADE4A6C0 49] iPadPro129, [000001F3AE1C0300][000001F3ADE4E840 49] iPadPro97, [000001F3AE12DD00][000001F3ADE529C0 49] iPadPro2_129, [000001F3AE1C0C00][000001F3ADE56B40 49] iPad5, [000001F3AE12F000][000001F3ADE5ACC0 49] iPad6, [000001F3AE1C2C00][000001F3ADE5EE40 49] iPad7, [000001F3AE12EE00][000001F3ADE62FC0 49] iPad8, [000001F3AE1C3E00][000001F3ADE67140 49] iPadPro11, [000001F3AE12D900][000001F3ADE6B2C0 49] iPadPro2_11, [000001F3AE1C1800][000001F3ADE6F440 49] iPadPro3_129, [000001F3AE12CC00][000001F3ADE735C0 49] iPadPro4_129, [000001F3AE1C2400][000001F3ADE77740 49] AppleTV, [000001F3AE12F700][000001F3ADE7B8C0 49] AppleTV4K, [000001F3AE1C1B00][000001F3ADE7FA40 49] TVOS, [000001F3AE12D000][000001F3ADE3BB80 49] Mac, [000001F3AE1C1F00][000001F3ADE82140 49] MacClient, [000001F3AE12EB00][000001F3ADE86280 49] MacNoEditor, [000001F3AE1C0D00][000001F3ADE8A3C0 49] MacServer, [000001F3AE12F300][000001F3ADE92540 49] Linux, [000001F3AE1C0B00][000001F3ADE966C0 49] LinuxAArch64, [000001F3AE12E100][000001F3ADE9A840 49] LinuxNoEditor, [000001F3AE1C1700][000001F3ADE9E9C0 49] LinuxAArch64NoEditor, [000001F3AE12DA00][000001F3ADEA2B40 49] LinuxClient, [000001F3AE1C1000][000001F3ADEA6CC0 49] LinuxAArch64Client, [000001F3AE12D400][000001F3ADEAAE40 49] LinuxServer, [000001F3AE1C3000][000001F3ADEAEFC0 49] LinuxAArch64Server, [000001F3AE12D600][000001F3ADEB3140 49] Android, [000001F3AE173900][000001F3ADEB72C0 49] Android_Low, [000001F3AE11DB00][000001F3ADEBB440 49] Android_Mid, [000001F3AE173000][000001F3ADEBF5C0 49] Android_High, [000001F3AE11F900][000001F3ADEC3740 49] Android_Default, [000001F3AE172000][000001F3ADEC78C0 49] Android_Adreno4xx, [000001F3AE11FB00][000001F3ADECBA40 49] Android_Adreno5xx_Low, [000001F3AE170B00][000001F3ADECFBC0 49] Android_Adreno5xx, [000001F3AE11D800][000001F3ADE8E180 49] Android_Adreno6xx, [000001F3AE171100][000001F3ADED22C0 49] Android_Adreno6xx_Vulkan, [000001F3AE11C800][000001F3ADED6400 49] Android_Mali_T6xx, [000001F3AE173600][000001F3ADEDA540 49] Android_Mali_T7xx, [000001F3AE11CD00][000001F3ADEE26C0 49] Android_Mali_T8xx, [000001F3AE173C00][000001F3ADEE6840 49] Android_Mali_G71, [000001F3AE11C900][000001F3ADEEA9C0 49] Android_Mali_G72, [000001F3AE173E00][000001F3ADEEEB40 49] Android_Mali_G72_Vulkan, [000001F3AE11D900][000001F3ADEF2CC0 49] Android_Mali_G76, [000001F3AE173A00][000001F3ADEF6E40 49] Android_Mali_G76_Vulkan, [000001F3AE11F600][000001F3ADEFAFC0 49] Android_Mali_G77, [000001F3AE172200][000001F3ADEFF140 49] Android_Mali_G77_Vulkan, [000001F3AE11D200][000001F3ADF032C0 49] Android_Mali_G78, [000001F3AE170A00][000001F3ADF07440 49] Android_Mali_G78_Vulkan, [000001F3AE11F000][000001F3ADF0B5C0 49] Android_Mali_G710, [000001F3AE171400][000001F3ADF0F740 49] Android_Mali_G710_Vulkan, [000001F3AE11C600][000001F3ADF138C0 49] Android_Vulkan_SM5, [000001F3AE171800][000001F3ADF17A40 49] Android_PowerVR_G6xxx, [000001F3AE11CE00][000001F3ADF1BBC0 49] Android_PowerVR_GT7xxx, [000001F3AE170200][000001F3ADF1E1C0 49] Android_PowerVR_GE8xxx, [000001F3AE11C100][000001F3ADF22340 49] Android_PowerVR_GM9xxx, [000001F3AE172600][000001F3ADEDE480 49] Android_PowerVR_GM9xxx_Vulkan, [000001F3AE12F800][000001F3ADF265C0 49] Android_TegraK1, [000001F3AE172A00][000001F3ADF2A700 49] Android_Unknown_Vulkan, [000001F3AE12CF00][000001F3ADF32880 49] Lumin, [000001F3AE171200][000001F3ADF36A00 49] Lumin_Desktop, [000001F3AE12C400][000001F3ADF3AB80 49] HoloLens, 
[2021.12.30-12.36.53:144][  0]LogMeshReduction: Using QuadricMeshReduction for automatic static mesh reduction
[2021.12.30-12.36.53:144][  0]LogMeshReduction: Using SimplygonMeshReduction for automatic skeletal mesh reduction
[2021.12.30-12.36.53:144][  0]LogMeshReduction: Using ProxyLODMeshReduction for automatic mesh merging
[2021.12.30-12.36.53:144][  0]LogMeshReduction: No distributed automatic mesh merging module available
[2021.12.30-12.36.53:144][  0]LogMeshMerging: No distributed automatic mesh merging module available
[2021.12.30-12.36.53:243][  0]LogNetVersion: Project_Alpha 1.0.0, NetCL: 17155196, EngineNetVer: 17, GameNetVer: 0 (Checksum: 166174278)
[2021.12.30-12.36.53:457][  0]LogTexture: Default maximum texture size for cubemaps generated from long-lat sources has been changed from 512 to unlimited. In order to preserve old behaiour for '/Engine/MapTemplates/Sky/DaylightAmbientCubemap.DaylightAmbientCubemap', its maximum texture size has been explicitly set to 512.
[2021.12.30-12.36.53:506][  0]LogHMD: PokeAHoleMaterial loaded successfully
[2021.12.30-12.36.53:603][  0]LogMoviePlayer: Initializing movie player
[2021.12.30-12.36.53:714][  0]LogNiagaraDebuggerClient: Niagara Debugger Client Initialized | Session: 2F04D61C461CABF5C4422DAEEF9C5B0A | Instance: E6ECC2AE46FA59C8A626B7A6E2461CD2 (DANIEL-2188).
[2021.12.30-12.36.53:735][  0]LogCollectionManager: Loaded 0 collections in 0.000733 seconds
[2021.12.30-12.36.53:737][  0]LogFileCache: Scanning file cache for directory 'D:/Dokumenty HDD/Github/Project-Alpha/Project_Alpha/Saved/Collections/' took 0.00s
[2021.12.30-12.36.53:737][  0]LogFileCache: Scanning file cache for directory 'D:/Dokumenty HDD/Github/Project-Alpha/Project_Alpha/Content/Developers/dangr/Collections/' took 0.00s
[2021.12.30-12.36.53:737][  0]LogFileCache: Scanning file cache for directory 'D:/Dokumenty HDD/Github/Project-Alpha/Project_Alpha/Content/Collections/' took 0.00s
[2021.12.30-12.36.53:737][  0]LogCollectionManager: Fixed up redirectors for 0 collections in 0.000002 seconds (updated 0 objects)
[2021.12.30-12.36.53:821][  0]LogPython: Using Python 3.7.7
[2021.12.30-12.36.54:202][  0]LogUdpMessaging: Initializing bridge on interface 0.0.0.0:0 to multicast group 230.0.0.1:6666.
[2021.12.30-12.36.54:208][  0]LogTcpMessaging: Initializing TcpMessaging bridge
[2021.12.30-12.36.54:302][  0]SourceControl: Source control is disabled
[2021.12.30-12.36.54:302][  0]SourceControl: Source control is disabled
[2021.12.30-12.36.54:305][  0]SourceControl: Source control is disabled
[2021.12.30-12.36.54:313][  0]LogUProjectInfo: Found projects:
[2021.12.30-12.36.54:315][  0]LogVSAccessor: Display: Unable to create Visual Studio setup instance: 80040154
[2021.12.30-12.36.54:316][  0]LogVSAccessor: Display: Unable to create Visual Studio setup instance: 80040154
[2021.12.30-12.36.54:316][  0]LogVSAccessor: Display: Unable to create Visual Studio setup instance: 80040154
[2021.12.30-12.36.54:400][  0]LogOpenImageDenoise: OIDN starting up
[2021.12.30-12.36.54:420][  0]LogAndroidPermission: UAndroidPermissionCallbackProxy::GetInstance
[2021.12.30-12.36.54:438][  0]LogAudioCaptureCore: Display: No Audio Capture implementations found. Audio input will be silent.
[2021.12.30-12.36.54:438][  0]LogAudioCaptureCore: Display: No Audio Capture implementations found. Audio input will be silent.
[2021.12.30-12.36.54:529][  0]LogOcInput: OculusInput pre-init called
[2021.12.30-12.36.54:538][  0]LogUObjectArray: 22355 objects as part of root set at end of initial load.
[2021.12.30-12.36.54:538][  0]LogUObjectAllocator: 6046448 out of 0 bytes used by permanent object pool.
[2021.12.30-12.36.54:538][  0]LogUObjectArray: CloseDisregardForGC: 0/0 objects in disregard for GC pool
[2021.12.30-12.36.54:583][  0]LogClass: Display: EnumProperty FMultiUserClientConfig::ValidationMode is not initialized properly. Module:MultiUserClientLibrary File:Public/MultiUserClientStatics.h
[2021.12.30-12.36.54:583][  0]LogClass: Display: StructProperty FMultiUserClientInfo::AvatarColor is not initialized properly. Module:MultiUserClientLibrary File:Public/MultiUserClientStatics.h
[2021.12.30-12.36.54:583][  0]LogClass: Display: 2 Uninitialized script struct members found including 0 object properties
[2021.12.30-12.36.54:584][  0]LogEngine: Initializing Engine...
[2021.12.30-12.36.54:586][  0]LogHMD: Failed to enumerate extensions. Please check that you have a valid OpenXR runtime installed.
[2021.12.30-12.36.54:586][  0]LogHMD: Failed to initialize OpenVR with code 110
[2021.12.30-12.36.54:586][  0]LogMagicLeap: Warning: VR disabled because ZI is not enabled.  To enable, in the editor, Edit -> Project Settings -> Plugins -> Magic Leap Plugin -> Enable Zero Iteration
[2021.12.30-12.36.54:587][  0]LogStats: UGameplayTagsManager::InitializeManager -  0.000 s
[2021.12.30-12.36.54:662][  0]LogInit: Initializing FReadOnlyCVARCache
[2021.12.30-12.36.54:662][  0]LogAudio: Display: Initializing Audio Device Manager...
[2021.12.30-12.36.54:666][  0]LogAudio: Display: Loading Default Audio Settings Objects...
[2021.12.30-12.36.54:666][  0]LogAudio: Display: No default SoundConcurrencyObject specified (or failed to load).
[2021.12.30-12.36.54:667][  0]LogAudio: Display: Audio Device Manager Initialized
[2021.12.30-12.36.54:667][  0]LogAudio: Display: Creating Audio Device:                 Id: 1, Scope: Shared, Realtime: True
[2021.12.30-12.36.54:667][  0]LogAudioMixer: Display: Audio Mixer Platform Settings:
[2021.12.30-12.36.54:667][  0]LogAudioMixer: Display: 	Sample Rate:						  48000
[2021.12.30-12.36.54:667][  0]LogAudioMixer: Display: 	Callback Buffer Frame Size Requested: 1024
[2021.12.30-12.36.54:667][  0]LogAudioMixer: Display: 	Callback Buffer Frame Size To Use:	  1024
[2021.12.30-12.36.54:667][  0]LogAudioMixer: Display: 	Number of buffers to queue:			  2
[2021.12.30-12.36.54:667][  0]LogAudioMixer: Display: 	Max Channels (voices):				  32
[2021.12.30-12.36.54:667][  0]LogAudioMixer: Display: 	Number of Async Source Workers:		  0
[2021.12.30-12.36.54:667][  0]LogAudio: Display: AudioDevice MaxSources: 32
[2021.12.30-12.36.54:668][  0]LogAudio: Display: Audio Spatialization Plugin: None (built-in).
[2021.12.30-12.36.54:668][  0]LogAudio: Display: Audio Reverb Plugin: None (built-in).
[2021.12.30-12.36.54:668][  0]LogAudio: Display: Audio Occlusion Plugin: None (built-in).
[2021.12.30-12.36.54:668][  0]LogAudioMixer: Display: Initializing audio mixer.
[2021.12.30-12.36.54:689][  0]LogAudioMixer: Display: 0: FrontLeft
[2021.12.30-12.36.54:689][  0]LogAudioMixer: Display: 1: FrontRight
[2021.12.30-12.36.54:705][  0]LogAudioMixer: Display: Using Audio Device Reproduktory (HyperX Cloud Alpha S Game)
[2021.12.30-12.36.54:707][  0]LogAudioMixer: Display: Initializing Sound Submixes...
[2021.12.30-12.36.54:709][  0]LogAudioMixer: Display: Creating Master Submix 'MasterSubmixDefault'
[2021.12.30-12.36.54:709][  0]LogAudioMixer: Display: Creating Master Submix 'MasterReverbSubmixDefault'
[2021.12.30-12.36.54:711][  0]LogAudioMixer: Display: Creating Master Submix 'MasterEQSubmixDefault'
[2021.12.30-12.36.54:711][  0]LogAudioMixer: FMixerPlatformXAudio2::StartAudioStream() called
[2021.12.30-12.36.54:711][  0]LogAudioMixer: Display: Output buffers initialized: Frames=1024, Channels=2, Samples=2048
[2021.12.30-12.36.54:712][  0]LogAudioMixer: Display: Starting AudioMixerPlatformInterface::RunInternal()
[2021.12.30-12.36.54:712][  0]LogAudioMixer: Display: FMixerPlatformXAudio2::SubmitBuffer() called for the first time
[2021.12.30-12.36.54:712][  0]LogInit: FAudioDevice initialized.
[2021.12.30-12.36.54:713][  0]LogNetVersion: Set ProjectVersion to 1.0.0.0. Version Checksum will be recalculated on next use.
[2021.12.30-12.36.54:713][  0]LogInit: Texture streaming: Enabled
